Arguments: 
  C:\Program Files\nodejs\node.exe C:\Program Files (x86)\Yarn\bin\yarn.js add webpack

PATH: 
  C:\Program Files (x86)\Python35-32\Scripts\;C:\Program Files (x86)\Python35-32\;C:\ProgramData\Oracle\Java\javapath;C:\Program Files (x86)\Intel\iCLS Client\;C:\Program Files\Intel\iCLS Client\;C:\WINDOWS\system32;C:\WINDOWS;C:\WINDOWS\System32\Wbem;C:\WINDOWS\System32\WindowsPowerShell\v1.0\;C:\Program Files (x86)\Intel\Intel(R) Management Engine Components\DAL;C:\Program Files\Intel\Intel(R) Management Engine Components\DAL;C:\Program Files (x86)\Intel\Intel(R) Management Engine Components\IPT;C:\Program Files\Intel\Intel(R) Management Engine Components\IPT;C:\Program Files (x86)\ATI Technologies\ATI.ACE\Core-Static;C:\Program Files\Intel\WiFi\bin\;C:\Program Files\Common Files\Intel\WirelessCommon\;C:\devkit\;C:\WINDOWS\system32\config\systemprofile\.dnx\bin;C:\Program Files\Microsoft DNX\Dnvm\;C:\Bitnami\wampstack-5.6.19-0\git\bin;C:\Bitnami\wampstack-5.6.19-0\php;C:\Program Files\Rust stable GNU 1.7\bin;C:\HashiCorp\Vagrant\bin;C:\Program Files\Java\jdk1.8.0_77\bin;C:\Users\jingz\Downloads\cwRsync_5.5.0_x86_Free\cwRsync_5.5.0_x86_Free\bin;C:\Program Files\Rust stable GNU 1.9\bin;C:\Program Files (x86)\GTK2-Runtime\bin;C:\Users\jingz\AppData\Roaming\npm;C:\Users\jingz\AppData\Roaming\nvm;C:\Program Files\nodejs;C:\Go\bin;C:\Program Files (x86)\mosquitto;C:\Users\jingz\AppData\Local\Android\Sdk/platform-tools/;C:\Program Files\nodejs\;C:\Program Files (x86)\Yarn\bin;C:\Ruby22-x64\bin;C:\Program Files (x86)\Microsoft VS Code\bin;C:\activator-dist-1.3.10\bin;C:\Program Files\nodejs;C:\Users\jingz\AppData\Local\Microsoft\WindowsApps;C:\Users\jingz\AppData\Local\atom\bin;C:\Users\jingz\AppData\Local\Yarn\.bin

Yarn version: 
  0.16.0

Node version: 
  6.7.0

Platform: 
  win32 x64

npm manifest: 
  {
    "dependencies": {
      "jquery": "^3.1.1",
      "react": "^15.3.2",
      "react-dom": "^15.3.2",
      "react-router": "^3.0.0"
    },
    "scripts": {
      "build": "./node_modules/.bin/babel src -d js/ && sass src/main.sass css/main.css",
      "compile": "./node_modules/.bin/babel  --minified  src -d js/"
    },
    "devDependencies": {
      "babel-cli": "^6.18.0",
      "babel-preset-react": "^6.16.0",
      "gulp-webserver": "^0.9.1"
    }
  }

yarn manifest: 
  No manifest

bower manifest: 
  No manifest

Lockfile: 
  # THIS IS AN AUTOGENERATED FILE. DO NOT EDIT THIS FILE DIRECTLY.
  # yarn lockfile v1
  jquery:
    version "3.1.1"
    resolved "https://registry.yarnpkg.com/jquery/-/jquery-3.1.1.tgz#347c1c21c7e004115e0a4da32cece041fad3c8a3"

Trace: 
  Error: getaddrinfo ENOTFOUND registry.yarnpkg.com registry.yarnpkg.com:443
      at errnoException (dns.js:28:10)
      at GetAddrInfoReqWrap.onlookup [as oncomplete] (dns.js:76:26)
